<?xml version="1.0" encoding="UTF-8"?>
<!-- Generated by org.testng.reporters.JUnitReportReporter -->
<testsuite skipped="0" hostname="DESKTOP-PRT0ACF" name="pack2.Btest" tests="1" failures="0" timestamp="11 Aug 2017 05:35:53 GMT" time="0.000" errors="0">
  <testcase name="CreateAtest" time="0.000" classname="pack2.Btest"/>
</testsuite> <!-- pack2.Btest -->
