<?xml version="1.0" encoding="UTF-8"?>
<!-- Generated by org.testng.reporters.JUnitReportReporter -->
<testsuite skipped="1" hostname="DESKTOP-PRT0ACF" name="q.ctest" tests="7" failures="0" timestamp="29 Jul 2017 10:49:55 GMT" time="0.044" errors="0">
  <testcase name="Aest1" time="0.007" classname="q.ctest"/>
  <testcase name="Aest1" time="0.005" classname="q.ctest"/>
  <testcase name="Aest1" time="0.015" classname="q.ctest"/>
  <testcase name="Aest1" time="0.004" classname="q.ctest"/>
  <testcase name="Aest1" time="0.007" classname="q.ctest"/>
  <testcase name="Best3" time="0.006" classname="q.ctest"/>
  <testcase name="Cest2" classname="q.ctest">
    <skipped/>
  </testcase> <!-- Cest2 -->
</testsuite> <!-- q.ctest -->
