<?xml version="1.0" encoding="UTF-8"?>
<!-- Generated by org.testng.reporters.JUnitReportReporter -->
<testsuite skipped="0" hostname="DESKTOP-PRT0ACF" name="test.BTest" tests="11" failures="0" timestamp="29 Jul 2017 11:09:41 GMT" time="0.061" errors="0">
  <testcase name="newTest1" time="0.026" classname="test.BTest"/>
  <testcase name="newTest2" time="0.004" classname="test.BTest"/>
  <testcase name="newTest2" time="0.003" classname="test.BTest"/>
  <testcase name="newTest2" time="0.003" classname="test.BTest"/>
  <testcase name="newTest2" time="0.004" classname="test.BTest"/>
  <testcase name="newTest2" time="0.004" classname="test.BTest"/>
  <testcase name="newTest2" time="0.003" classname="test.BTest"/>
  <testcase name="newTest2" time="0.003" classname="test.BTest"/>
  <testcase name="newTest2" time="0.004" classname="test.BTest"/>
  <testcase name="newTest2" time="0.003" classname="test.BTest"/>
  <testcase name="newTest2" time="0.004" classname="test.BTest"/>
</testsuite> <!-- test.BTest -->
